SF:C:\Code\AdemeroIncPub\nucleus_one_dart_sdk\lib\src\http.dart
DA:18,2
DA:19,2
DA:22,2
DA:24,2
DA:25,2
DA:30,2
DA:31,2
DA:32,2
DA:34,2
DA:40,2
DA:45,2
DA:46,2
DA:47,2
DA:50,2
DA:52,2
DA:54,2
DA:58,2
DA:59,2
DA:60,6
DA:68,2
DA:69,2
DA:71,6
DA:73,4
DA:74,2
DA:76,4
DA:77,2
DA:78,2
DA:80,2
DA:81,2
DA:82,4
DA:83,0
DA:85,0
DA:96,4
DA:99,2
DA:109,2
DA:110,2
DA:111,3
DA:112,3
DA:113,1
DA:114,1
DA:115,1
DA:116,2
DA:117,1
DA:118,3
DA:119,2
DA:120,1
DA:121,3
DA:122,0
DA:123,1
DA:124,1
DA:125,2
DA:126,1
DA:127,2
DA:128,0
DA:133,2
DA:135,0
DA:138,2
DA:139,2
DA:142,4
DA:145,2
DA:152,4
DA:154,8
DA:158,2
DA:165,4
DA:169,2
DA:176,4
DA:191,0
DA:193,0
DA:195,0
DA:196,0
DA:197,0
LF:71
LH:61
end_of_record
SF:C:\Code\AdemeroIncPub\nucleus_one_dart_sdk\lib\src\nucleus_one.dart
DA:12,3
DA:13,3
DA:16,1
DA:17,3
DA:18,2
DA:21,1
DA:22,1
DA:26,3
DA:27,3
DA:31,1
DA:32,1
DA:34,1
DA:35,2
DA:36,1
DA:39,2
DA:40,2
DA:41,1
DA:42,3
DA:43,2
DA:50,1
DA:51,1
DA:52,1
DA:57,6
DA:58,9
DA:59,3
DA:60,2
DA:61,6
DA:66,6
DA:70,2
DA:73,2
DA:75,2
DA:77,2
DA:80,2
DA:81,2
DA:82,2
DA:86,4
DA:89,4
DA:91,2
DA:92,2
DA:96,2
DA:97,4
DA:107,2
DA:110,3
DA:111,2
DA:116,1
DA:117,2
DA:118,1
DA:121,1
DA:122,2
DA:123,1
DA:127,1
DA:128,1
DA:130,1
DA:131,1
DA:136,1
DA:137,2
DA:138,1
DA:143,1
DA:144,6
DA:145,6
DA:146,1
DA:147,2
DA:148,2
DA:149,2
DA:150,2
DA:151,2
DA:152,5
DA:153,3
DA:154,1
DA:155,1
DA:156,1
DA:157,1
DA:158,1
DA:159,2
DA:161,2
DA:162,1
DA:164,1
DA:165,2
DA:167,2
DA:170,1
DA:172,1
DA:177,1
DA:179,1
DA:181,2
DA:183,1
DA:184,2
LF:86
LH:86
end_of_record
SF:C:\Code\AdemeroIncPub\nucleus_one_dart_sdk\lib\src\common\string.dart
DA:1,2
DA:2,2
LF:2
LH:2
end_of_record
SF:C:\Code\AdemeroIncPub\nucleus_one_dart_sdk\lib\src\address_book.dart
DA:10,2
DA:14,2
DA:15,2
DA:16,10
DA:41,2
DA:46,4
DA:51,4
LF:7
LH:7
end_of_record
SF:C:\Code\AdemeroIncPub\nucleus_one_dart_sdk\lib\src\dashboard_widget.dart
DA:10,2
DA:14,2
DA:15,2
DA:16,10
DA:43,2
DA:45,2
DA:46,2
DA:47,2
DA:48,2
DA:49,2
DA:55,4
DA:60,4
LF:12
LH:12
end_of_record
SF:C:\Code\AdemeroIncPub\nucleus_one_dart_sdk\lib\src\document.dart
DA:7,1
DA:9,1
DA:10,1
DA:12,1
DA:14,1
DA:15,1
DA:16,1
DA:17,1
DA:19,2
DA:21,3
DA:23,1
DA:24,1
DA:26,1
LF:13
LH:13
end_of_record
SF:C:\Code\AdemeroIncPub\nucleus_one_dart_sdk\lib\src\user.dart
DA:10,1
DA:13,2
DA:16,1
DA:17,1
DA:20,1
DA:24,1
DA:27,1
DA:30,1
DA:31,1
DA:33,1
DA:34,3
DA:36,1
DA:37,2
DA:39,1
DA:40,1
DA:43,1
DA:44,1
DA:45,3
DA:47,1
DA:48,3
DA:49,1
DA:51,3
DA:52,2
DA:54,3
DA:55,1
DA:56,1
DA:57,2
DA:59,2
DA:60,1
DA:62,3
DA:64,1
DA:65,3
DA:67,1
DA:68,1
DA:83,1
DA:84,2
DA:86,1
DA:87,3
DA:88,2
DA:89,1
DA:90,1
DA:91,2
DA:93,2
DA:94,1
DA:97,1
LF:45
LH:45
end_of_record